<?xml version="1.0" encoding="UTF-8"?>
<!-- Generated by org.testng.reporters.JUnitReportReporter -->
<testsuite hostname="Meghas-MacBook-Air.local" failures="0" tests="1" name="headlessBrowser.Phantom" time="5.020" errors="0" timestamp="02 Jan 2019 06:32:34 GMT" skipped="0">
  <testcase classname="headlessBrowser.Phantom" name="verifyEdurekaTitle" time="5.020"/>
</testsuite> <!-- headlessBrowser.Phantom -->
